<?xml version="1.0" encoding="UTF-8"?>
<robot generator="Robot 7.4.1 (Python 3.13.7 on win32)" generated="2026-01-13T16:07:40.873869" rpa="false" schemaversion="5">
<suite id="s1" name="Product" source="D:\02_VS_Code_Project\robot_automate_nueng\tests\product.robot">
<test id="s1-t1" name="4 Sorting by A to Z" line="76">
<kw name="Login With Valid Credentials" owner="login_keywords">
<kw name="Open Chrome Without Password Dialog" owner="browser">
<kw name="Open Browser" owner="SeleniumLibrary">
<arg>${URL}</arg>
<arg>${BROWSER}</arg>
<arg>options=add_experimental_option("detach",True);add_experimental_option("prefs", {"profile.password_manager_leak_detection": False})</arg>
<doc>Opens a new browser instance to the optional ``url``.</doc>
<status status="NOT RUN" start="2026-01-13T16:07:41.055868" elapsed="0.000096"/>
</kw>
<status status="PASS" start="2026-01-13T16:07:41.055405" elapsed="0.000636"/>
</kw>
<kw name="Input Text" owner="SeleniumLibrary">
<arg>id:user-name</arg>
<arg>${standard_user}</arg>
<doc>Types the given ``text`` into the text field identified by ``locator``.</doc>
<status status="NOT RUN" start="2026-01-13T16:07:41.056122" elapsed="0.000181"/>
</kw>
<kw name="Input Text" owner="SeleniumLibrary">
<arg>id:password</arg>
<arg>${password}</arg>
<doc>Types the given ``text`` into the text field identified by ``locator``.</doc>
<status status="NOT RUN" start="2026-01-13T16:07:41.056385" elapsed="0.000072"/>
</kw>
<kw name="Click Button" owner="SeleniumLibrary">
<arg>id:login-button</arg>
<doc>Clicks the button identified by ``locator``.</doc>
<status status="NOT RUN" start="2026-01-13T16:07:41.056537" elapsed="0.000059"/>
</kw>
<status status="PASS" start="2026-01-13T16:07:41.055147" elapsed="0.001487"/>
</kw>
<kw name="Select From List By Value" owner="SeleniumLibrary">
<arg>css=.product_sort_container</arg>
<arg>az</arg>
<doc>Selects options from selection list ``locator`` by ``values``.</doc>
<status status="NOT RUN" start="2026-01-13T16:07:41.056760" elapsed="0.000079"/>
</kw>
<kw name="Get WebElements" owner="SeleniumLibrary">
<var>${elements}</var>
<arg>xpath=//div[@class='inventory_item_name']</arg>
<doc>Returns a list of WebElement objects matching the ``locator``.</doc>
<status status="NOT RUN" start="2026-01-13T16:07:41.056961" elapsed="0.000070"/>
</kw>
<kw name="Create List" owner="BuiltIn">
<var>@{names}</var>
<doc>Returns a list containing given items.</doc>
<status status="NOT RUN" start="2026-01-13T16:07:41.057144" elapsed="0.000128"/>
</kw>
<for flavor="IN">
<iter>
<kw name="Get Text" owner="SeleniumLibrary">
<var>${name}</var>
<arg>${el}</arg>
<doc>Returns the text value of the element identified by ``locator``.</doc>
<status status="NOT RUN" start="2026-01-13T16:07:41.057518" elapsed="0.000042"/>
</kw>
<kw name="Append To List" owner="Collections">
<arg>@{names}</arg>
<arg>${name}</arg>
<doc>Adds ``values`` to the end of ``list``.</doc>
<status status="NOT RUN" start="2026-01-13T16:07:41.057632" elapsed="0.000042"/>
</kw>
<var name="${el}"/>
<status status="PASS" start="2026-01-13T16:07:41.057449" elapsed="0.000256"/>
</iter>
<var>${el}</var>
<value>@{elements}</value>
<status status="PASS" start="2026-01-13T16:07:41.057364" elapsed="0.000377"/>
</for>
<kw name="Create List" owner="BuiltIn">
<var>@{expected}</var>
<arg>Sauce Labs Backpack</arg>
<arg>Sauce Labs Bike Light</arg>
<arg>Sauce Labs Bolt T-Shirt</arg>
<arg>Sauce Labs Fleece Jacket</arg>
<arg>Sauce Labs Onesie</arg>
<doc>Returns a list containing given items.</doc>
<status status="NOT RUN" start="2026-01-13T16:07:41.057861" elapsed="0.000138"/>
</kw>
<kw name="Lists Should Be Equal" owner="Collections">
<arg>@{names}</arg>
<arg>@{expected}</arg>
<doc>Fails if given lists are unequal.</doc>
<status status="NOT RUN" start="2026-01-13T16:07:41.058119" elapsed="0.000046"/>
</kw>
<kw name="Close Browser" owner="SeleniumLibrary">
<doc>Closes the current browser.</doc>
<status status="NOT RUN" start="2026-01-13T16:07:41.058269" elapsed="0.000032"/>
</kw>
<status status="PASS" start="2026-01-13T16:07:41.054526" elapsed="0.003887"/>
</test>
<status status="PASS" start="2026-01-13T16:07:40.874914" elapsed="0.183938"/>
</suite>
<statistics>
<total>
<stat pass="1" fail="0" skip="0">All Tests</stat>
</total>
<tag>
</tag>
<suite>
<stat name="Product" id="s1" pass="1" fail="0" skip="0">Product</stat>
</suite>
</statistics>
<errors>
</errors>
</robot>
